--- Copying files at Tue Jul  2 00:57:28 UTC 2024
--- Copying files at Tue Jul  2 23:19:37 UTC 2024
--- Copying files at Tue Jul  2 23:40:37 UTC 2024
--- Copying files at Wed Jul  3 22:12:34 UTC 2024
--- Copying files at Wed Jul  3 22:20:59 UTC 2024
--- Copying files at Wed Jul  3 22:47:26 UTC 2024
--- Copying files at Wed Jul  3 22:56:32 UTC 2024
--- Copying files at Thu Jul  4 18:06:44 UTC 2024
--- Copying files at Thu Jul  4 19:01:47 UTC 2024
--- Copying files at Thu Jul  4 19:06:14 UTC 2024
--- Copying files at Thu Jul  4 19:09:10 UTC 2024
--- Copying files at Thu Jul  4 21:40:31 UTC 2024
--- Copying files at Thu Jul  4 22:27:34 UTC 2024
--- Copying files at Thu Jul  4 22:59:44 UTC 2024
--- Copying files at Fri Jul  5 16:43:17 UTC 2024
--- Copying files at Tue Jul  9 00:24:06 UTC 2024
--- Copying files at Tue Jul  9 23:11:16 UTC 2024
--- Copying files at Tue Jul  9 23:34:28 UTC 2024
--- Copying files at Wed Jul 10 23:36:17 UTC 2024
--- Copying files at Thu Jul 11 23:56:01 UTC 2024
--- Copying files at Fri Jul 12 00:15:39 UTC 2024
--- Copying files at Fri Jul 12 00:27:36 UTC 2024
--- Copying files at Fri Jul 12 23:29:11 UTC 2024
--- Copying files at Sat Jul 13 00:36:38 UTC 2024
--- Copying files at Sat Jul 13 00:57:25 UTC 2024
--- Copying files at Tue Jul 16 00:20:15 UTC 2024
--- Copying files at Wed Jul 17 00:00:29 UTC 2024
--- Copying files at Thu Jul 18 01:16:17 UTC 2024
